<?xml version="1.0" encoding="UTF-8"?>
<testsuite name="org.example.MainTest$IntegerEqualityTests" tests="4" skipped="0" failures="0" errors="0" timestamp="2022-07-29T06:38:37" hostname="PC419.local" time="0.005">
  <properties/>
  <testcase name="primitiveEqualityWithOperator_outsideOfIntegerCache_shouldBeTrue()" classname="org.example.MainTest$IntegerEqualityTests" time="0.001"/>
  <testcase name="objectEqualityWithOperator_outsideOfIntegerCache_shouldBeFalse()" classname="org.example.MainTest$IntegerEqualityTests" time="0.0"/>
  <testcase name="primitiveAndObjectEqualityWithOperator_outsideOfIntegerCache_shouldBeTrue()" classname="org.example.MainTest$IntegerEqualityTests" time="0.001"/>
  <testcase name="objectEqualityWithOperator_withinIntegerCache_shouldBeTrue()" classname="org.example.MainTest$IntegerEqualityTests" time="0.0"/>
  <system-out><![CDATA[]]></system-out>
  <system-err><![CDATA[]]></system-err>
</testsuite>
