<?xml version="1.0" encoding="UTF-8"?>
<testsuite name="org.example.MainTest$LongEqualityTests" tests="4" skipped="0" failures="0" errors="0" timestamp="2022-07-29T06:38:37" hostname="PC419.local" time="0.022">
  <properties/>
  <testcase name="objectEqualityWithOperator_withinLongCache_shouldBeTrue()" classname="org.example.MainTest$LongEqualityTests" time="0.017"/>
  <testcase name="primitiveAndObjectEqualityWithOperator_outsideOfLongCache_shouldBeTrue()" classname="org.example.MainTest$LongEqualityTests" time="0.001"/>
  <testcase name="primitiveEqualityWithOperator_outsideOfLongCache_shouldBeTrue()" classname="org.example.MainTest$LongEqualityTests" time="0.0"/>
  <testcase name="objectEqualityWithOperator_outsideOfLongCache_shouldBeFalse()" classname="org.example.MainTest$LongEqualityTests" time="0.001"/>
  <system-out><![CDATA[]]></system-out>
  <system-err><![CDATA[]]></system-err>
</testsuite>
